<?xml version="1.0" encoding="UTF-8"?>
<!-- Generated by org.testng.reporters.JUnitReportReporter -->
<testsuite skipped="0" hostname="DESKTOP-VDML5CQ" name="scripts.ValidLogin_Test" tests="1" failures="0" timestamp="2020-02-07T15:04:01 IST" time="19.252" errors="0">
  <testcase name="tesValidlogin" time="19.252" classname="scripts.ValidLogin_Test"/>
</testsuite> <!-- scripts.ValidLogin_Test -->
