<?xml version="1.0" encoding="UTF-8"?>
<!-- Generated by org.testng.reporters.JUnitReportReporter -->
<testsuite skipped="0" hostname="DESKTOP-VDML5CQ" name="scripts.InValidLogin_Test" tests="1" failures="0" timestamp="2020-02-07T16:14:27 IST" time="31.104" errors="0">
  <testcase name="testInvalidLogin" time="31.104" classname="scripts.InValidLogin_Test"/>
</testsuite> <!-- scripts.InValidLogin_Test -->
